  dynamic.cpp
dynamic.cpp(11): warning C4018: “<”: 有符号/无符号不匹配
dynamic.cpp(26): warning C4018: “<”: 有符号/无符号不匹配
dynamic.cpp(30): warning C4018: “<”: 有符号/无符号不匹配
dynamic.cpp(32): warning C4018: “<”: 有符号/无符号不匹配
dynamic.cpp(41): warning C4018: “<”: 有符号/无符号不匹配
dynamic.cpp(54): warning C4018: “<”: 有符号/无符号不匹配
dynamic.cpp(61): warning C4018: “<”: 有符号/无符号不匹配
dynamic.cpp(64): warning C4018: “<”: 有符号/无符号不匹配
dynamic.cpp(114): warning C4018: “<”: 有符号/无符号不匹配
dynamic.cpp(118): warning C4018: “<”: 有符号/无符号不匹配
dynamic.cpp(124): warning C4018: “<”: 有符号/无符号不匹配
dynamic.cpp(126): warning C4018: “<”: 有符号/无符号不匹配
dynamic.cpp(129): warning C4018: “<”: 有符号/无符号不匹配
dynamic.cpp(174): warning C4018: “<”: 有符号/无符号不匹配
dynamic.cpp(176): warning C4018: “<”: 有符号/无符号不匹配
dynamic.cpp(208): warning C4018: “<”: 有符号/无符号不匹配
dynamic.cpp(211): warning C4018: “<”: 有符号/无符号不匹配
dynamic.cpp(216): warning C4018: “<”: 有符号/无符号不匹配
dynamic.cpp(221): warning C4018: “<”: 有符号/无符号不匹配
dynamic.cpp(223): warning C4018: “<”: 有符号/无符号不匹配
dynamic.cpp(225): warning C4018: “>=”: 有符号/无符号不匹配
dynamic.cpp(296): warning C4018: “<”: 有符号/无符号不匹配
dynamic.cpp(306): warning C4018: “<”: 有符号/无符号不匹配
dynamic.cpp(394): warning C4018: “<”: 有符号/无符号不匹配
dynamic.cpp(413): warning C4018: “<=”: 有符号/无符号不匹配
dynamic.cpp(424): warning C4018: “<”: 有符号/无符号不匹配
dynamic.cpp(430): warning C4018: “<”: 有符号/无符号不匹配
dynamic.cpp(435): warning C4018: “<”: 有符号/无符号不匹配
dynamic.cpp(456): warning C4018: “<”: 有符号/无符号不匹配
dynamic.cpp(513): warning C4018: “<”: 有符号/无符号不匹配
dynamic.cpp(561): warning C4018: “<”: 有符号/无符号不匹配
dynamic.cpp(564): warning C4018: “<”: 有符号/无符号不匹配
dynamic.cpp(572): warning C4018: “<”: 有符号/无符号不匹配
dynamic.cpp(586): warning C4018: “<”: 有符号/无符号不匹配
dynamic.cpp(602): warning C4018: “<”: 有符号/无符号不匹配
dynamic.cpp(605): warning C4018: “<”: 有符号/无符号不匹配
dynamic.cpp(769): error C4996: '_itoa': This function or variable may be unsafe. Consider using _itoa_s instead. To disable deprecation, use _CRT_SECURE_NO_WARNINGS. See online help for details.
  C:\Program Files (x86)\Windows Kits\10\Include\10.0.10240.0\ucrt\stdlib.h(637): note: 参见“_itoa”的声明
